2025-05-19 15:30:29 INFO  BasePageOne - No screenshot files to delete in: screenshots
2025-05-19 15:30:33 INFO  PageObject.LogInObject - Log in to Account
2025-05-19 16:03:20 INFO  BasePageOne - No screenshot files to delete in: screenshots
2025-05-19 20:05:16 INFO  BasePageOne - No screenshot files to delete in: screenshots
2025-05-19 20:05:20 INFO  TestCaseOne - Verify Error Message For Locked Account
2025-05-19 20:37:31 INFO  BasePage - No screenshot files to delete in: screenshots
2025-05-19 20:40:09 INFO  BasePage - No screenshot files to delete in: screenshots
2025-05-19 20:40:12 INFO  TestCaseTwo - Login to Problem user
2025-05-19 20:40:13 INFO  TestCaseTwo - Add to cart the first product
2025-05-19 20:40:13 INFO  TestCaseTwo - Click remove product
2025-05-19 20:40:13 INFO  TestCaseTwo - Verify that the Remove button does not change back to the Add to Cart button
2025-05-19 20:40:48 INFO  BasePage - No screenshot files to delete in: screenshots
2025-05-19 20:40:51 INFO  TestCaseTwo - Login to Problem user
2025-05-19 20:40:52 INFO  TestCaseTwo - Add to cart the first product
2025-05-19 20:40:52 INFO  TestCaseTwo - Click remove product
2025-05-19 20:40:52 INFO  TestCaseTwo - Verify that the Remove button does not change back to the Add to Cart button
2025-05-19 20:41:24 INFO  BasePage - No screenshot files to delete in: screenshots
2025-05-19 20:41:28 INFO  TestCaseTwo - Login to Problem user
2025-05-19 20:41:28 INFO  TestCaseTwo - Add to cart the first product
2025-05-19 20:41:28 INFO  TestCaseTwo - Click remove product
2025-05-19 20:41:29 INFO  TestCaseTwo - Verify that the Remove button does not change back to the Add to Cart button
2025-05-19 20:41:29 ERROR SoftAssertFunction - ❌ Step [Verify that the Remove button does not change back to the Add to Cart button] failed: expected [Rmove], but got [Remove]
